app/build/intermediates/manifest_merge_blame_file/debug/manifest-merger-blame-debug-report.txt
1<?xml version="1.0" encoding="utf-8"?>
2<manifest xmlns:android="http://schemas.android.com/apk/res/android"
3    package="com.example.vicky.androidui"
4    android:versionCode="1"
5    android:versionName="1.0" >
6
7    <uses-sdk
8        android:minSdkVersion="19"
8-->src/main/AndroidManifest.xml
9        android:targetSdkVersion="26" />
9-->src/main/AndroidManifest.xml
10
11    <uses-permission android:name="android.permission.INTERNET" />
11-->src/main/AndroidManifest.xml:8:5-67
11-->src/main/AndroidManifest.xml:8:22-64
12
13    <application
13-->src/main/AndroidManifest.xml:10:5-46:19
14        android:allowBackup="true"
14-->src/main/AndroidManifest.xml:13:9-35
15        android:appComponentFactory="someString"
15-->src/main/AndroidManifest.xml:12:9-49
16        android:debuggable="true"
17        android:icon="@mipmap/ic_logo"
17-->src/main/AndroidManifest.xml:14:9-39
18        android:label="@string/app_name"
18-->src/main/AndroidManifest.xml:15:9-41
19        android:roundIcon="@mipmap/ic_logo_round"
19-->src/main/AndroidManifest.xml:16:9-50
20        android:supportsRtl="true"
20-->[com.facebook.android:facebook-android-sdk:4.42.0] AndroidManifest.xml:28:18-44
21        android:testOnly="true"
22        android:theme="@style/AppTheme" >
22-->src/main/AndroidManifest.xml:18:9-40
23        <activity android:name="com.example.vicky.androidui.activities.SignUpActivity" />
23-->src/main/AndroidManifest.xml:19:9-63
23-->src/main/AndroidManifest.xml:19:19-60
24        <activity android:name="com.example.vicky.androidui.activities.Home" />
24-->src/main/AndroidManifest.xml:20:9-53
24-->src/main/AndroidManifest.xml:20:19-50
25        <activity android:name="com.example.vicky.androidui.activities.LogInFacebookActivity" />
25-->src/main/AndroidManifest.xml:21:9-70
25-->src/main/AndroidManifest.xml:21:19-67
26        <activity android:name="com.example.vicky.androidui.activities.HomeAuthentification" />
26-->src/main/AndroidManifest.xml:23:9-68
26-->src/main/AndroidManifest.xml:23:19-66
27        <activity android:name="com.example.vicky.androidui.activities.SignInActivity" >
27-->src/main/AndroidManifest.xml:24:9-31:20
27-->src/main/AndroidManifest.xml:24:19-60
28            <intent-filter>
28-->src/main/AndroidManifest.xml:26:13-30:29
29                <action android:name="android.intent.action.MAIN" />
29-->src/main/AndroidManifest.xml:27:17-69
29-->src/main/AndroidManifest.xml:27:25-66
30
31                <category android:name="android.intent.category.LAUNCHER" />
31-->src/main/AndroidManifest.xml:29:17-77
31-->src/main/AndroidManifest.xml:29:27-74
32            </intent-filter>
33        </activity>
34        <activity
34-->src/main/AndroidManifest.xml:33:9-35:48
35            android:name="com.facebook.FacebookActivity"
35-->src/main/AndroidManifest.xml:33:19-63
36            android:configChanges="keyboard|keyboardHidden|screenLayout|screenSize|orientation"
36-->src/main/AndroidManifest.xml:34:13-97
37            android:label="@string/app_name"
37-->src/main/AndroidManifest.xml:35:13-45
38            android:theme="@style/com_facebook_activity_theme" />
38-->[com.facebook.android:facebook-common:4.42.0] AndroidManifest.xml:32:13-63
39        <activity
39-->src/main/AndroidManifest.xml:35:49-42:20
40            android:name="com.facebook.CustomTabActivity"
40-->src/main/AndroidManifest.xml:35:59-104
41            android:exported="true" >
41-->src/main/AndroidManifest.xml:36:13-36
42            <intent-filter>
42-->src/main/AndroidManifest.xml:36:38-41:25
43                <action android:name="android.intent.action.VIEW" />
43-->src/main/AndroidManifest.xml:37:9-61
43-->src/main/AndroidManifest.xml:37:17-58
44
45                <category android:name="android.intent.category.DEFAULT" />
45-->src/main/AndroidManifest.xml:38:9-68
45-->src/main/AndroidManifest.xml:38:19-65
46                <category android:name="android.intent.category.BROWSABLE" />
46-->src/main/AndroidManifest.xml:39:9-70
46-->src/main/AndroidManifest.xml:39:19-67
47
48                <data android:scheme="@string/fb_login_protocol_scheme" />
48-->src/main/AndroidManifest.xml:40:9-67
48-->src/main/AndroidManifest.xml:40:15-64
49            </intent-filter>
50        </activity>
51
52        <meta-data
52-->src/main/AndroidManifest.xml:44:9-45:54
53            android:name="com.facebook.sdk.ApplicationId"
53-->src/main/AndroidManifest.xml:44:20-65
54            android:value="@string/facebook_app_id" />
54-->src/main/AndroidManifest.xml:45:13-52
55
56        <activity android:name="com.facebook.CustomTabMainActivity" />
56-->[com.facebook.android:facebook-common:4.42.0] AndroidManifest.xml:33:9-71
56-->[com.facebook.android:facebook-common:4.42.0] AndroidManifest.xml:33:19-68
57        <!--
58         The initialization ContentProvider will call FacebookSdk.sdkInitialize automatically
59         with the application context. This config is merged in with the host app's manifest,
60         but there can only be one provider with the same authority activated at any given
61         point; so if the end user has two or more different apps that use Facebook SDK, only the
62         first one will be able to use the provider. To work around this problem, we use the
63         following placeholder in the authority to identify each host application as if it was
64         a completely different provider.
65        -->
66        <provider
66-->[com.facebook.android:facebook-core:4.42.0] AndroidManifest.xml:39:9-42:40
67            android:name="com.facebook.internal.FacebookInitProvider"
67-->[com.facebook.android:facebook-core:4.42.0] AndroidManifest.xml:40:13-70
68            android:authorities="com.example.vicky.androidui.FacebookInitProvider"
68-->[com.facebook.android:facebook-core:4.42.0] AndroidManifest.xml:41:13-72
69            android:exported="false" />
69-->[com.facebook.android:facebook-core:4.42.0] AndroidManifest.xml:42:13-37
70
71        <receiver
71-->[com.facebook.android:facebook-core:4.42.0] AndroidManifest.xml:44:9-50:20
72            android:name="com.facebook.CurrentAccessTokenExpirationBroadcastReceiver"
72-->[com.facebook.android:facebook-core:4.42.0] AndroidManifest.xml:45:13-86
73            android:exported="false" >
73-->[com.facebook.android:facebook-core:4.42.0] AndroidManifest.xml:46:13-37
74            <intent-filter>
74-->[com.facebook.android:facebook-core:4.42.0] AndroidManifest.xml:47:13-49:29
75                <action android:name="com.facebook.sdk.ACTION_CURRENT_ACCESS_TOKEN_CHANGED" />
75-->[com.facebook.android:facebook-core:4.42.0] AndroidManifest.xml:48:17-95
75-->[com.facebook.android:facebook-core:4.42.0] AndroidManifest.xml:48:25-92
76            </intent-filter>
77        </receiver>
78
79        <provider
79-->[androidx.lifecycle:lifecycle-process:2.2.0] AndroidManifest.xml:25:9-29:43
80            android:name="androidx.lifecycle.ProcessLifecycleOwnerInitializer"
80-->[androidx.lifecycle:lifecycle-process:2.2.0] AndroidManifest.xml:26:13-79
81            android:authorities="com.example.vicky.androidui.lifecycle-process"
81-->[androidx.lifecycle:lifecycle-process:2.2.0] AndroidManifest.xml:27:13-69
82            android:exported="false"
82-->[androidx.lifecycle:lifecycle-process:2.2.0] AndroidManifest.xml:28:13-37
83            android:multiprocess="true" />
83-->[androidx.lifecycle:lifecycle-process:2.2.0] AndroidManifest.xml:29:13-40
84    </application>
85
86</manifest>